✔ [4/306] Built Batteries.Util.Pickle (360ms)
✔ [5/306] Built Mathlib.Tactic.Linter.DirectoryDependency (1.0s)
✔ [6/306] Built Batteries.Util.Cache (542ms)
✔ [7/306] Built Batteries.Util.ExtendedBinder (739ms)
✔ [8/306] Built Batteries.Tactic.ShowUnused (872ms)
✔ [9/306] Built Batteries.Tactic.PrintOpaques (866ms)
✔ [11/306] Built Batteries.Tactic.PermuteGoals (710ms)
✔ [12/306] Built Batteries.Tactic.PrintDependents (970ms)
✔ [13/306] Built Batteries.Tactic.SqueezeScope (2.5s)
✔ [14/306] Built Batteries.Tactic.NoMatch (893ms)
✔ [15/306] Built Batteries.Tactic.Instances (774ms)
✔ [16/306] Built Batteries.Tactic.Lemma (883ms)
✖ [17/306] Building Batteries.Tactic.Congr (269ms)
trace: .> LEAN_PATH=/home/runner/work/DoRA-specific/DoRA-specific/.lake/packages/Cli/.lake/build/lib/lean:/home/runner/work/DoRA-specific/DoRA-specific/.lake/packages/batteries/.lake/build/lib/lean:/home/runner/work/DoRA-specific/DoRA-specific/.lake/packages/Qq/.lake/build/lib/lean:/home/runner/work/DoRA-specific/DoRA-specific/.lake/packages/aesop/.lake/build/lib/lean:/home/runner/work/DoRA-specific/DoRA-specific/.lake/packages/proofwidgets/.lake/build/lib/lean:/home/runner/work/DoRA-specific/DoRA-specific/.lake/packages/importGraph/.lake/build/lib/lean:/home/runner/work/DoRA-specific/DoRA-specific/.lake/packages/LeanSearchClient/.lake/build/lib/lean:/home/runner/work/DoRA-specific/DoRA-specific/.lake/packages/plausible/.lake/build/lib/lean:/home/runner/work/DoRA-specific/DoRA-specific/.lake/packages/mathlib/.lake/build/lib/lean:/home/runner/work/DoRA-specific/DoRA-specific/.lake/build/lib/lean /home/runner/.elan/toolchains/leanprover--lean4---v4.30.0/bin/lean /home/runner/work/DoRA-specific/DoRA-specific/.lake/packages/batteries/Batteries/Tactic/Congr.lean -o /home/runner/work/DoRA-specific/DoRA-specific/.lake/packages/batteries/.lake/build/lib/lean/Batteries/Tactic/Congr.olean -i /home/runner/work/DoRA-specific/DoRA-specific/.lake/packages/batteries/.lake/build/lib/lean/Batteries/Tactic/Congr.ilean -c /home/runner/work/DoRA-specific/DoRA-specific/.lake/packages/batteries/.lake/build/ir/Batteries/Tactic/Congr.c --setup /home/runner/work/DoRA-specific/DoRA-specific/.lake/packages/batteries/.lake/build/ir/Batteries/Tactic/Congr.setup.json --json
error: Batteries/Tactic/Congr.lean:6:0: object file '/home/runner/.elan/toolchains/leanprover--lean4---v4.30.0/lib/lean/Lean/Elab/ConfigEval.olean' of module Lean.Elab.ConfigEval does not exist
error: Lean exited with code 1
✔ [18/306] Built Batteries.Lean.Syntax (334ms)
✔ [19/306] Built Batteries.Lean.PersistentHashSet (469ms)
✔ [20/306] Built Batteries.Lean.NameMapAttribute (552ms)
✔ [21/306] Built Batteries.Lean.Meta.UnusedNames (449ms)
✔ [22/306] Built Batteries.Lean.MonadBacktrack (366ms)
✔ [23/306] Built Batteries.Lean.Meta.Inaccessible (522ms)
✔ [24/306] Built Batteries.Lean.PersistentHashMap (414ms)
✔ [25/306] Built Batteries.Tactic.Case (1.7s)
✔ [26/306] Built Batteries.Lean.Meta.Expr (363ms)
✔ [27/306] Built Batteries.Lean.LawfulMonad (520ms)
✔ [28/306] Built Batteries.Lean.LawfulMonadLift (556ms)
✔ [29/306] Built Batteries.Lean.IO.Process (427ms)
✔ [30/306] Built Batteries.Lean.HashSet (393ms)
✔ [31/306] Built Batteries.Util.Panic (336ms)
✔ [32/306] Built Batteries.Lean.Expr (627ms)
✔ [33/306] Built Batteries.Data.String.AsciiCasing (379ms)
✔ [34/306] Built Batteries.Data.String.Basic (443ms)
✔ [35/306] Built Batteries.Data.RunningStats (429ms)
⚠ [36/306] Built Batteries.Data.Stream (615ms)
warning: Batteries/Data/Stream.lean:87:33: This simp argument is unused:
  Stream.next?

Hint: Omit it from the simp argument list.
  simp [Stream.drop, S̵t̵r̵e̵a̵m̵.̵n̵e̵x̵t̵?̵,̵ ̵List.drop_succ_cons, ih]

Note: This linter can be disabled with `set_option linter.unusedSimpArgs false`
warning: Batteries/Data/Stream.lean:96:33: This simp argument is unused:
  Stream.next?

Hint: Omit it from the simp argument list.
  simp [Stream.take, S̵t̵r̵e̵a̵m̵.̵n̵e̵x̵t̵?̵,̵ ̵ih]

Note: This linter can be disabled with `set_option linter.unusedSimpArgs false`
✔ [37/306] Built Batteries.Data.String.Legacy (1.3s)
✔ [38/306] Built Batteries.Lean.Float (476ms)
✔ [39/306] Built Batteries.Data.Nat.Bitwise.Lemmas (468ms)
✔ [40/306] Built Batteries.Data.NameSet (342ms)
✔ [41/306] Built Batteries.Data.List.Init.Lemmas (268ms)
✔ [42/306] Built Batteries.Lean.System.IO (439ms)
✔ [43/306] Built Batteries.Lean.HashMap (325ms)
✔ [44/306] Built Batteries.Data.List.ArrayMap (430ms)
✔ [45/306] Built Batteries.Data.FloatArray (346ms)
✔ [46/306] Built Batteries.Data.Random.MersenneTwister (1.6s)
✔ [47/306] Built Batteries.Data.ByteSlice (684ms)
✔ [48/306] Built Batteries.Tactic.OpenPrivate (1.1s)
✔ [49/306] Built Batteries.Data.ByteArray (826ms)
✔ [50/306] Built Batteries.Data.Nat.Basic (644ms)
✔ [51/306] Built Batteries.Data.BitVec.Basic (306ms)
✔ [52/306] Built Batteries.Data.Bool (277ms)
✔ [53/306] Built Batteries.Tactic.Trans (2.9s)
✔ [54/306] Built Batteries.Data.Array.Merge (1.5s)
✔ [55/306] Built Batteries.Data.Array.Match (1.1s)
✔ [56/306] Built Batteries.Data.Array.Init.Lemmas (378ms)
✔ [57/306] Built Batteries.Data.BinaryHeap.Basic (2.3s)
✔ [58/306] Built Batteries.Control.ForInStep.Basic (315ms)
✔ [59/306] Built Batteries.Control.Lemmas (492ms)
✔ [60/306] Built Batteries.Tactic.Lint.Basic (1.2s)
✔ [61/306] Built Batteries.Lean.Position (393ms)
✔ [62/306] Built Batteries.Control.LawfulMonadState (1.2s)
✔ [63/306] Built Batteries.Lean.Except (397ms)
✔ [64/306] Built Batteries.CodeAction.Deprecated (1.1s)
✔ [65/306] Built Batteries.CodeAction.Attr (900ms)
✔ [66/306] Built Batteries.Classes.RatCast (375ms)
✔ [67/306] Built Batteries.Lean.EStateM (715ms)
✔ [68/306] Built Batteries.Util.ProofWanted (535ms)
✔ [69/306] Built Batteries.Lean.TagAttribute (379ms)
✔ [70/306] Built Batteries.Tactic.SeqFocus (823ms)
✔ [71/307] Built Batteries.Tactic.Init (1.1s)
✔ [72/307] Built Batteries.Tactic.Unreachable (552ms)
✖ [74/307] Building Batteries.Tactic.GeneralizeProofs (259ms)
trace: .> LEAN_PATH=/home/runner/work/DoRA-specific/DoRA-specific/.lake/packages/Cli/.lake/build/lib/lean:/home/runner/work/DoRA-specific/DoRA-specific/.lake/packages/batteries/.lake/build/lib/lean:/home/runner/work/DoRA-specific/DoRA-specific/.lake/packages/Qq/.lake/build/lib/lean:/home/runner/work/DoRA-specific/DoRA-specific/.lake/packages/aesop/.lake/build/lib/lean:/home/runner/work/DoRA-specific/DoRA-specific/.lake/packages/proofwidgets/.lake/build/lib/lean:/home/runner/work/DoRA-specific/DoRA-specific/.lake/packages/importGraph/.lake/build/lib/lean:/home/runner/work/DoRA-specific/DoRA-specific/.lake/packages/LeanSearchClient/.lake/build/lib/lean:/home/runner/work/DoRA-specific/DoRA-specific/.lake/packages/plausible/.lake/build/lib/lean:/home/runner/work/DoRA-specific/DoRA-specific/.lake/packages/mathlib/.lake/build/lib/lean:/home/runner/work/DoRA-specific/DoRA-specific/.lake/build/lib/lean /home/runner/.elan/toolchains/leanprover--lean4---v4.30.0/bin/lean /home/runner/work/DoRA-specific/DoRA-specific/.lake/packages/batteries/Batteries/Tactic/GeneralizeProofs.lean -o /home/runner/work/DoRA-specific/DoRA-specific/.lake/packages/batteries/.lake/build/lib/lean/Batteries/Tactic/GeneralizeProofs.olean -i /home/runner/work/DoRA-specific/DoRA-specific/.lake/packages/batteries/.lake/build/lib/lean/Batteries/Tactic/GeneralizeProofs.ilean -c /home/runner/work/DoRA-specific/DoRA-specific/.lake/packages/batteries/.lake/build/ir/Batteries/Tactic/GeneralizeProofs.c --setup /home/runner/work/DoRA-specific/DoRA-specific/.lake/packages/batteries/.lake/build/ir/Batteries/Tactic/GeneralizeProofs.setup.json --json
error: Batteries/Tactic/GeneralizeProofs.lean:6:0: object file '/home/runner/.elan/toolchains/leanprover--lean4---v4.30.0/lib/lean/Lean/Elab/ConfigEval.olean' of module Lean.Elab.ConfigEval does not exist
error: Lean exited with code 1
✔ [75/307] Built Batteries.Util.LibraryNote (880ms)
✔ [76/307] Built Batteries.Data.Rat.Float (389ms)
✔ [77/307] Built Batteries.Lean.Json (391ms)
✖ [78/307] Building Mathlib.Tactic.Linter.Header (1.1s)
trace: .> LEAN_PATH=/home/runner/work/DoRA-specific/DoRA-specific/.lake/packages/Cli/.lake/build/lib/lean:/home/runner/work/DoRA-specific/DoRA-specific/.lake/packages/batteries/.lake/build/lib/lean:/home/runner/work/DoRA-specific/DoRA-specific/.lake/packages/Qq/.lake/build/lib/lean:/home/runner/work/DoRA-specific/DoRA-specific/.lake/packages/aesop/.lake/build/lib/lean:/home/runner/work/DoRA-specific/DoRA-specific/.lake/packages/proofwidgets/.lake/build/lib/lean:/home/runner/work/DoRA-specific/DoRA-specific/.lake/packages/importGraph/.lake/build/lib/lean:/home/runner/work/DoRA-specific/DoRA-specific/.lake/packages/LeanSearchClient/.lake/build/lib/lean:/home/runner/work/DoRA-specific/DoRA-specific/.lake/packages/plausible/.lake/build/lib/lean:/home/runner/work/DoRA-specific/DoRA-specific/.lake/packages/mathlib/.lake/build/lib/lean:/home/runner/work/DoRA-specific/DoRA-specific/.lake/build/lib/lean /home/runner/.elan/toolchains/leanprover--lean4---v4.30.0/bin/lean /home/runner/work/DoRA-specific/DoRA-specific/.lake/packages/mathlib/Mathlib/Tactic/Linter/Header.lean -o /home/runner/work/DoRA-specific/DoRA-specific/.lake/packages/mathlib/.lake/build/lib/lean/Mathlib/Tactic/Linter/Header.olean -i /home/runner/work/DoRA-specific/DoRA-specific/.lake/packages/mathlib/.lake/build/lib/lean/Mathlib/Tactic/Linter/Header.ilean -c /home/runner/work/DoRA-specific/DoRA-specific/.lake/packages/mathlib/.lake/build/ir/Mathlib/Tactic/Linter/Header.c --setup /home/runner/work/DoRA-specific/DoRA-specific/.lake/packages/mathlib/.lake/build/ir/Mathlib/Tactic/Linter/Header.setup.json --json
error: Mathlib/Tactic/Linter/Header.lean:422:25: Unknown constant `Lean.Parser.Command.deprecated_module`
error: Lean exited with code 1
✔ [79/307] Built Batteries.Data.Nat.Bitwise (347ms)
✔ [80/307] Built Batteries.Data.Random (331ms)
✔ [81/307] Built Batteries.Lean.Meta.DiscrTree (440ms)
✔ [82/307] Built Batteries.Data.String.Matcher (431ms)
✖ [83/307] Building Batteries.Lean.Meta.Simp (785ms)
trace: .> LEAN_PATH=/home/runner/work/DoRA-specific/DoRA-specific/.lake/packages/Cli/.lake/build/lib/lean:/home/runner/work/DoRA-specific/DoRA-specific/.lake/packages/batteries/.lake/build/lib/lean:/home/runner/work/DoRA-specific/DoRA-specific/.lake/packages/Qq/.lake/build/lib/lean:/home/runner/work/DoRA-specific/DoRA-specific/.lake/packages/aesop/.lake/build/lib/lean:/home/runner/work/DoRA-specific/DoRA-specific/.lake/packages/proofwidgets/.lake/build/lib/lean:/home/runner/work/DoRA-specific/DoRA-specific/.lake/packages/importGraph/.lake/build/lib/lean:/home/runner/work/DoRA-specific/DoRA-specific/.lake/packages/LeanSearchClient/.lake/build/lib/lean:/home/runner/work/DoRA-specific/DoRA-specific/.lake/packages/plausible/.lake/build/lib/lean:/home/runner/work/DoRA-specific/DoRA-specific/.lake/packages/mathlib/.lake/build/lib/lean:/home/runner/work/DoRA-specific/DoRA-specific/.lake/build/lib/lean /home/runner/.elan/toolchains/leanprover--lean4---v4.30.0/bin/lean /home/runner/work/DoRA-specific/DoRA-specific/.lake/packages/batteries/Batteries/Lean/Meta/Simp.lean -o /home/runner/work/DoRA-specific/DoRA-specific/.lake/packages/batteries/.lake/build/lib/lean/Batteries/Lean/Meta/Simp.olean -i /home/runner/work/DoRA-specific/DoRA-specific/.lake/packages/batteries/.lake/build/lib/lean/Batteries/Lean/Meta/Simp.ilean -c /home/runner/work/DoRA-specific/DoRA-specific/.lake/packages/batteries/.lake/build/ir/Batteries/Lean/Meta/Simp.c --setup /home/runner/work/DoRA-specific/DoRA-specific/.lake/packages/batteries/.lake/build/ir/Batteries/Lean/Meta/Simp.setup.json --json
error: Batteries/Lean/Meta/Simp.lean:62:8: `config` is not a field of structure `Config`
error: Lean exited with code 1
✔ [84/307] Built Batteries.Data.BinaryHeap (257ms)
✔ [85/307] Built Batteries.Data.List.Matcher (435ms)
✔ [86/307] Built Batteries.Control.ForInStep.Lemmas (370ms)
✔ [87/307] Built Batteries.Tactic.Lint.TypeClass (700ms)
✔ [88/307] Built Batteries.Control.OptionT (634ms)
✔ [89/307] Built Batteries.Tactic.Lint.Misc (1.3s)
✔ [90/307] Built Batteries.Tactic.Lint.Frontend (2.0s)
✔ [91/307] Built Batteries.CodeAction.Basic (1.2s)
✔ [92/307] Built Batteries.Tactic.Alias (1.9s)
✔ [93/307] Built Batteries.Lean.AttributeExtra (550ms)
✔ [117/307] Built Batteries.CodeAction.Misc (2.6s)
✔ [118/307] Built Batteries.Classes.SatisfiesM (1.1s)
✔ [119/307] Built Aesop.Check (548ms)
✔ [120/307] Built Batteries.Linter.UnreachableTactic (899ms)
✔ [121/307] Built Batteries.Classes.Cast (551ms)
✔ [122/307] Built Batteries.Data.Rat (294ms)
✔ [127/307] Built Batteries.Tactic.Lint.Simp (1.4s)
✔ [128/307] Built Batteries.Control.ForInStep (362ms)
✔ [129/307] Built Batteries.Control.AlternativeMonad (784ms)
✔ [130/307] Built Batteries.Lean.Util.EnvSearch (526ms)
✔ [131/307] Built Batteries.Data.Range.Lemmas (523ms)
✔ [132/307] Built Batteries.Tactic.HelpCmd (2.5s)
✔ [133/307] Built Batteries.Data.HashMap.Basic (733ms)
✔ [134/307] Built Batteries.Tactic.Exact (651ms)
✔ [135/307] Built Batteries.Data.Nat.Gcd (607ms)
✔ [136/307] Built Batteries.Logic (829ms)
✔ [137/307] Built Batteries.Data.Array.Pairwise (820ms)
✔ [138/307] Built Batteries.Data.Nat.Lemmas (967ms)
✔ [139/307] Built Batteries.Data.UnionFind.Basic (3.3s)
✔ [140/310] Built Batteries.Control.Monad (461ms)
✔ [143/310] Built Batteries.Lean.SatisfiesM (524ms)
✔ [144/310] Built Batteries.Data.List.Monadic (488ms)
✔ [145/310] Built Batteries.Linter.UnnecessarySeqFocus (1.5s)
✔ [147/310] Built Batteries.Tactic.Lint (579ms)
✔ [148/310] Built Batteries.Data.Array.Monadic (2.2s)
✔ [149/310] Built Batteries.Tactic.PrintPrefix (1.6s)
✔ [150/310] Built Batteries.Lean.Meta.Basic (536ms)
✔ [151/310] Built Batteries.Data.List.Basic (4.3s)
✔ [152/310] Built Batteries.Data.Range (531ms)
✔ [153/310] Built Batteries.Data.HashMap (554ms)
✔ [154/310] Built Batteries.Data.MLList.Basic (1.0s)
✔ [155/310] Built Batteries.Data.Fin.OfBits (448ms)
✔ [156/310] Built Batteries.Data.Int (645ms)
✔ [158/310] Built Batteries.Data.Fin.Basic (1.2s)
✔ [159/310] Built Batteries.Linter (547ms)
✔ [160/310] Built Batteries.Data.UnionFind.Lemmas (1.0s)
✔ [161/310] Built Aesop.Options.Public (1.2s)
✔ [162/310] Built Batteries.Lean.Meta.SavedState (370ms)
✔ [163/310] Built Batteries.Data.DList.Basic (654ms)
✔ [164/310] Built Batteries.Data.Vector.Monadic (615ms)
✔ [165/310] Built Batteries.Lean.Meta.InstantiateMVars (376ms)
✔ [166/310] Built Batteries.Data.List.Pairwise (778ms)
✔ [167/310] Built Batteries.CodeAction.Match (1.4s)
✔ [168/310] Built Batteries.Control.Nondet.Basic (981ms)
✔ [169/310] Built Batteries.Data.MLList.IO (442ms)
✔ [170/310] Built Batteries.Data.AssocList (2.3s)
✔ [171/310] Built Batteries.Data.MLList.Heartbeats (543ms)
✔ [172/310] Built Batteries.Data.Fin.Fold (2.0s)
✔ [173/310] Built Batteries.Data.BitVec.Lemmas (2.2s)
✔ [174/310] Built Batteries.Tactic.Basic (639ms)
✔ [175/310] Built Batteries.Data.UnionFind (563ms)
✔ [176/310] Built Aesop.Options.Internal (575ms)
✖ [177/310] Building Batteries.Data.Fin.Lemmas (2.5s)
trace: .> LEAN_PATH=/home/runner/work/DoRA-specific/DoRA-specific/.lake/packages/Cli/.lake/build/lib/lean:/home/runner/work/DoRA-specific/DoRA-specific/.lake/packages/batteries/.lake/build/lib/lean:/home/runner/work/DoRA-specific/DoRA-specific/.lake/packages/Qq/.lake/build/lib/lean:/home/runner/work/DoRA-specific/DoRA-specific/.lake/packages/aesop/.lake/build/lib/lean:/home/runner/work/DoRA-specific/DoRA-specific/.lake/packages/proofwidgets/.lake/build/lib/lean:/home/runner/work/DoRA-specific/DoRA-specific/.lake/packages/importGraph/.lake/build/lib/lean:/home/runner/work/DoRA-specific/DoRA-specific/.lake/packages/LeanSearchClient/.lake/build/lib/lean:/home/runner/work/DoRA-specific/DoRA-specific/.lake/packages/plausible/.lake/build/lib/lean:/home/runner/work/DoRA-specific/DoRA-specific/.lake/packages/mathlib/.lake/build/lib/lean:/home/runner/work/DoRA-specific/DoRA-specific/.lake/build/lib/lean /home/runner/.elan/toolchains/leanprover--lean4---v4.30.0/bin/lean /home/runner/work/DoRA-specific/DoRA-specific/.lake/packages/batteries/Batteries/Data/Fin/Lemmas.lean -o /home/runner/work/DoRA-specific/DoRA-specific/.lake/packages/batteries/.lake/build/lib/lean/Batteries/Data/Fin/Lemmas.olean -i /home/runner/work/DoRA-specific/DoRA-specific/.lake/packages/batteries/.lake/build/lib/lean/Batteries/Data/Fin/Lemmas.ilean -c /home/runner/work/DoRA-specific/DoRA-specific/.lake/packages/batteries/.lake/build/ir/Batteries/Data/Fin/Lemmas.c --setup /home/runner/work/DoRA-specific/DoRA-specific/.lake/packages/batteries/.lake/build/ir/Batteries/Data/Fin/Lemmas.setup.json --json
error: Batteries/Data/Fin/Lemmas.lean:72:44: Invalid field `prod`: The environment does not contain `List.prod`, so it is not possible to project the field `prod` from an expression
  List.map x (List.finRange n)
of type `List α`
error: Batteries/Data/Fin/Lemmas.lean:73:48: Unknown constant `List.prod`
error: Batteries/Data/Fin/Lemmas.lean:72:52: unsolved goals
α : Type u_1
n : Nat
inst✝¹ : One α
inst✝ : Mul α
x : Fin n → α
⊢ List.foldr (fun x1 x2 => x x1 * x2) 1 (List.finRange n) = sorry
warning: Batteries/Data/Fin/Lemmas.lean:73:59: This simp argument is unused:
  List.foldr_map

Hint: Omit it from the simp argument list.
  simp only [Fin.prod, foldr_eq_finRange_foldr, List.prod,̵ ̵L̵i̵s̵t̵.̵f̵o̵l̵d̵r̵_̵m̵a̵p̵]

Note: This linter can be disabled with `set_option linter.unusedSimpArgs false`
error: Lean exited with code 1
✔ [178/310] Built Batteries.Data.DList.Lemmas (763ms)
✔ [179/311] Built Batteries.CodeAction (709ms)
✔ [180/311] Built Batteries.Data.MLList (468ms)
✔ [181/311] Built Batteries.Data.BitVec (637ms)
✔ [182/311] Built Batteries.Classes.Order (1.7s)
✔ [183/311] Built Aesop.Options (788ms)
✔ [184/312] Built Batteries.Data.Nat.Bisect (3.2s)
✔ [185/312] Built Batteries.Data.DList (556ms)
✔ [186/312] Built Aesop.Forward.PremiseIndex (435ms)
✖ [187/312] Building Batteries.Data.List.Lemmas (12s)
trace: .> LEAN_PATH=/home/runner/work/DoRA-specific/DoRA-specific/.lake/packages/Cli/.lake/build/lib/lean:/home/runner/work/DoRA-specific/DoRA-specific/.lake/packages/batteries/.lake/build/lib/lean:/home/runner/work/DoRA-specific/DoRA-specific/.lake/packages/Qq/.lake/build/lib/lean:/home/runner/work/DoRA-specific/DoRA-specific/.lake/packages/aesop/.lake/build/lib/lean:/home/runner/work/DoRA-specific/DoRA-specific/.lake/packages/proofwidgets/.lake/build/lib/lean:/home/runner/work/DoRA-specific/DoRA-specific/.lake/packages/importGraph/.lake/build/lib/lean:/home/runner/work/DoRA-specific/DoRA-specific/.lake/packages/LeanSearchClient/.lake/build/lib/lean:/home/runner/work/DoRA-specific/DoRA-specific/.lake/packages/plausible/.lake/build/lib/lean:/home/runner/work/DoRA-specific/DoRA-specific/.lake/packages/mathlib/.lake/build/lib/lean:/home/runner/work/DoRA-specific/DoRA-specific/.lake/build/lib/lean /home/runner/.elan/toolchains/leanprover--lean4---v4.30.0/bin/lean /home/runner/work/DoRA-specific/DoRA-specific/.lake/packages/batteries/Batteries/Data/List/Lemmas.lean -o /home/runner/work/DoRA-specific/DoRA-specific/.lake/packages/batteries/.lake/build/lib/lean/Batteries/Data/List/Lemmas.olean -i /home/runner/work/DoRA-specific/DoRA-specific/.lake/packages/batteries/.lake/build/lib/lean/Batteries/Data/List/Lemmas.ilean -c /home/runner/work/DoRA-specific/DoRA-specific/.lake/packages/batteries/.lake/build/ir/Batteries/Data/List/Lemmas.c --setup /home/runner/work/DoRA-specific/DoRA-specific/.lake/packages/batteries/.lake/build/ir/Batteries/Data/List/Lemmas.setup.json --json
error: Batteries/Data/List/Lemmas.lean:1317:13: Invalid field `prod`: The environment does not contain `List.prod`, so it is not possible to project the field `prod` from an expression
  1 :: l
of type `List α`
error: Batteries/Data/List/Lemmas.lean:1317:22: Invalid field `prod`: The environment does not contain `List.prod`, so it is not possible to project the field `prod` from an expression
  l
of type `List α`
warning: Batteries/Data/List/Lemmas.lean:1317:39: This simp argument is unused:
  Std.LawfulLeftIdentity.left_id

Hint: Omit it from the simp argument list.
  simp ̵[̵S̵t̵d̵.̵L̵a̵w̵f̵u̵l̵L̵e̵f̵t̵I̵d̵e̵n̵t̵i̵t̵y̵.̵l̵e̵f̵t̵_̵i̵d̵]̵

Note: This linter can be disabled with `set_option linter.unusedSimpArgs false`
error: Batteries/Data/List/Lemmas.lean:1320:9: Invalid field `prod`: The environment does not contain `List.prod`, so it is not possible to project the field `prod` from an expression
  [a, b]
of type `List α`
error: Batteries/Data/List/Lemmas.lean:1320:25: unsolved goals
α : Type u_1
inst✝² : Mul α
inst✝¹ : One α
inst✝ : Std.LawfulRightIdentity (fun x1 x2 => x1 * x2) 1
a b : α
⊢ sorry () = a * b
warning: Batteries/Data/List/Lemmas.lean:1320:34: This simp argument is unused:
  Std.LawfulRightIdentity.right_id

Hint: Omit it from the simp argument list.
  simp ̵[̵S̵t̵d̵.̵L̵a̵w̵f̵u̵l̵R̵i̵g̵h̵t̵I̵d̵e̵n̵t̵i̵t̵y̵.̵r̵i̵g̵h̵t̵_̵i̵d̵]̵

Note: This linter can be disabled with `set_option linter.unusedSimpArgs false`
error: Batteries/Data/List/Lemmas.lean:1324:17: Invalid field `prod`: The environment does not contain `List.prod`, so it is not possible to project the field `prod` from an expression
  l.concat a
of type `List α`
error: Batteries/Data/List/Lemmas.lean:1324:26: Invalid field `prod`: The environment does not contain `List.prod`, so it is not possible to project the field `prod` from an expression
  l
of type `List α`
error: Batteries/Data/List/Lemmas.lean:1324:38: unsolved goals
α : Type u_1
inst✝³ : Mul α
inst✝² : One α
inst✝¹ : Std.LawfulIdentity (fun x1 x2 => x1 * x2) 1
inst✝ : Std.Associative fun x1 x2 => x1 * x2
l : List α
a : α
⊢ sorry () = sorry () * a
warning: Batteries/Data/List/Lemmas.lean:1324:47: This simp argument is unused:
  Std.LawfulRightIdentity.right_id

Hint: Omit it from the simp argument list.
  simp ̵[̵S̵t̵d̵.̵L̵a̵w̵f̵u̵l̵R̵i̵g̵h̵t̵I̵d̵e̵n̵t̵i̵t̵y̵.̵r̵i̵g̵h̵t̵_̵i̵d̵]̵

Note: This linter can be disabled with `set_option linter.unusedSimpArgs false`
error: Batteries/Data/List/Lemmas.lean:1329:14: Invalid field `prod`: The environment does not contain `List.prod`, so it is not possible to project the field `prod` from an expression
  l.flatten
of type `List α`
error: Batteries/Data/List/Lemmas.lean:1329:34: Invalid field `prod`: The environment does not contain `List.prod`, so it is not possible to project the field `prod` from an expression
  map prod l
of type `List ?m.22`
error: Lean exited with code 1
✔ [188/312] Built Batteries.Data.PairingHeap (1.9s)
✔ [189/312] Built Batteries.Data.RBMap.Basic (3.0s)
✔ [190/312] Built Batteries.Data.UInt (1.4s)
✔ [191/312] Built Batteries.Classes.Deprecated (1.3s)
✔ [198/313] Built Batteries.Data.Nat (561ms)
✖ [199/313] Building Batteries.Data.String.Lemmas (7.2s)
trace: .> LEAN_PATH=/home/runner/work/DoRA-specific/DoRA-specific/.lake/packages/Cli/.lake/build/lib/lean:/home/runner/work/DoRA-specific/DoRA-specific/.lake/packages/batteries/.lake/build/lib/lean:/home/runner/work/DoRA-specific/DoRA-specific/.lake/packages/Qq/.lake/build/lib/lean:/home/runner/work/DoRA-specific/DoRA-specific/.lake/packages/aesop/.lake/build/lib/lean:/home/runner/work/DoRA-specific/DoRA-specific/.lake/packages/proofwidgets/.lake/build/lib/lean:/home/runner/work/DoRA-specific/DoRA-specific/.lake/packages/importGraph/.lake/build/lib/lean:/home/runner/work/DoRA-specific/DoRA-specific/.lake/packages/LeanSearchClient/.lake/build/lib/lean:/home/runner/work/DoRA-specific/DoRA-specific/.lake/packages/plausible/.lake/build/lib/lean:/home/runner/work/DoRA-specific/DoRA-specific/.lake/packages/mathlib/.lake/build/lib/lean:/home/runner/work/DoRA-specific/DoRA-specific/.lake/build/lib/lean /home/runner/.elan/toolchains/leanprover--lean4---v4.30.0/bin/lean /home/runner/work/DoRA-specific/DoRA-specific/.lake/packages/batteries/Batteries/Data/String/Lemmas.lean -o /home/runner/work/DoRA-specific/DoRA-specific/.lake/packages/batteries/.lake/build/lib/lean/Batteries/Data/String/Lemmas.olean -i /home/runner/work/DoRA-specific/DoRA-specific/.lake/packages/batteries/.lake/build/lib/lean/Batteries/Data/String/Lemmas.ilean -c /home/runner/work/DoRA-specific/DoRA-specific/.lake/packages/batteries/.lake/build/ir/Batteries/Data/String/Lemmas.c --setup /home/runner/work/DoRA-specific/DoRA-specific/.lake/packages/batteries/.lake/build/ir/Batteries/Data/String/Lemmas.setup.json --json
error: Batteries/Data/String/Lemmas.lean:369:2: Tactic `assumption` failed

p : Char → Bool
s : String
⊢ Legacy.find s p = { byteIdx := utf8Len (List.takeWhile (fun x => !p x) s.toList) }
error: Batteries/Data/String/Lemmas.lean:369:8: unexpected identifier; expected command
error: Batteries/Data/String/Lemmas.lean:389:2: Tactic `assumption` failed

p : Char → Bool
s : String
⊢ Legacy.revFind s p =
    Option.map (fun x => { byteIdx := utf8Len x }) (List.dropWhile (fun x => !p x) s.toList.reverse).tail?
error: Batteries/Data/String/Lemmas.lean:389:8: unexpected identifier; expected command
error: Batteries/Data/String/Lemmas.lean:426:2: Tactic `assumption` failed

a b : String
⊢ firstDiffPos.loop a b (a.rawEndPos.min b.rawEndPos) 0 =
    { byteIdx := utf8Len (List.takeWhile₂ (fun x1 x2 => decide (x1 = x2)) a.toList b.toList).fst }
error: Batteries/Data/String/Lemmas.lean:426:23: unexpected identifier; expected command
error: Batteries/Data/String/Lemmas.lean:581:16: Tactic `assumption` failed

l r : List Char
⊢ { s := ofList l.reverse ++ ofList r, i := { byteIdx := utf8Len l } }.Valid
error: Batteries/Data/String/Lemmas.lean:581:43: unexpected identifier; expected command
error: Batteries/Data/String/Lemmas.lean:716:48: unexpected identifier; expected '⟩'
error: Batteries/Data/String/Lemmas.lean:772:2: Tactic `assumption` failed

l r : List Char
⊢ Pos.Raw.offsetOfPos (ofList l ++ ofList r) { byteIdx := utf8Len l } = l.length
error: Batteries/Data/String/Lemmas.lean:772:8: unexpected identifier; expected command
error: Batteries/Data/String/Lemmas.lean:786:2: Tactic `assumption` failed

α : Type u_1
f : α → Char → α
s : String
a : α
⊢ Legacy.foldl f a s = List.foldl f a s.toList
error: Batteries/Data/String/Lemmas.lean:786:8: unexpected identifier; expected command
error: Batteries/Data/String/Lemmas.lean:801:2: Tactic `assumption` failed

α : Type u_1
f : Char → α → α
s : String
a : α
⊢ Legacy.foldr f a s = List.foldr f a s.toList
error: Batteries/Data/String/Lemmas.lean:801:8: unexpected identifier; expected command
error: Batteries/Data/String/Lemmas.lean:817:2: Tactic `assumption` failed

s : String
p : Char → Bool
⊢ Legacy.any s p = s.toList.any p
error: Batteries/Data/String/Lemmas.lean:817:8: unexpected identifier; expected command
error: Batteries/Data/String/Lemmas.lean:844:2: Tactic `assumption` failed

f : Char → Char
s : String
⊢ Legacy.map f s = ofList (List.map f s.toList)
error: Batteries/Data/String/Lemmas.lean:844:8: unexpected identifier; expected command
error: Batteries/Data/String/Lemmas.lean:948:16: Tactic `assumption` failed

l m₁ : List Char
c : Char
m₂ r : List Char
⊢ { str := ofList l ++ (ofList m₁ ++ (String.singleton c ++ (ofList m₂ ++ ofList r))),
          startPos := { byteIdx := utf8Len l },
          stopPos := { byteIdx := utf8Len l + (utf8Len m₁ + (utf8Len m₂ + c.utf8Size)) } }.get
      { byteIdx := utf8Len m₁ } =
    c
error: Batteries/Data/String/Lemmas.lean:948:22: unexpected identifier; expected command
error: Batteries/Data/String/Lemmas.lean:1104:6: Tactic `assumption` failed

byteIdx✝ : Nat
l mr : List Char
t :
  Pos.Raw.Valid
    { str := { toByteArray := (l ++ mr).utf8Encode, isValidUTF8 := ⋯ }, startPos := { byteIdx := utf8Len l },
        stopPos := { byteIdx := byteIdx✝ } }.str
    { str := { toByteArray := (l ++ mr).utf8Encode, isValidUTF8 := ⋯ }, startPos := { byteIdx := utf8Len l },
        stopPos := { byteIdx := byteIdx✝ } }.stopPos
h :
  { str := { toByteArray := (l ++ mr).utf8Encode, isValidUTF8 := ⋯ }, startPos := { byteIdx := utf8Len l },
        stopPos := { byteIdx := byteIdx✝ } }.startPos ≤
    { str := { toByteArray := (l ++ mr).utf8Encode, isValidUTF8 := ⋯ }, startPos := { byteIdx := utf8Len l },
        stopPos := { byteIdx := byteIdx✝ } }.stopPos
lm r : List Char
h₁ :
  ofList (lm ++ r) =
    { str := { toByteArray := (l ++ mr).utf8Encode, isValidUTF8 := ⋯ }, startPos := { byteIdx := utf8Len l },
        stopPos := { byteIdx := byteIdx✝ } }.str
h₂ :
  { str := { toByteArray := (l ++ mr).utf8Encode, isValidUTF8 := ⋯ }, startPos := { byteIdx := utf8Len l },
        stopPos := { byteIdx := byteIdx✝ } }.stopPos =
    { byteIdx := utf8Len lm }
⊢ lm.utf8Encode ++ r.utf8Encode = l.utf8Encode ++ mr.utf8Encode
error: Batteries/Data/String/Lemmas.lean:1101:43: unsolved goals
byteIdx✝ : Nat
l mr : List Char
t :
  Pos.Raw.Valid
    { str := { toByteArray := (l ++ mr).utf8Encode, isValidUTF8 := ⋯ }, startPos := { byteIdx := utf8Len l },
        stopPos := { byteIdx := byteIdx✝ } }.str
    { str := { toByteArray := (l ++ mr).utf8Encode, isValidUTF8 := ⋯ }, startPos := { byteIdx := utf8Len l },
        stopPos := { byteIdx := byteIdx✝ } }.stopPos
h :
  { str := { toByteArray := (l ++ mr).utf8Encode, isValidUTF8 := ⋯ }, startPos := { byteIdx := utf8Len l },
        stopPos := { byteIdx := byteIdx✝ } }.startPos ≤
    { str := { toByteArray := (l ++ mr).utf8Encode, isValidUTF8 := ⋯ }, startPos := { byteIdx := utf8Len l },
        stopPos := { byteIdx := byteIdx✝ } }.stopPos
lm r : List Char
h₁ :
  ofList (lm ++ r) =
    { str := { toByteArray := (l ++ mr).utf8Encode, isValidUTF8 := ⋯ }, startPos := { byteIdx := utf8Len l },
        stopPos := { byteIdx := byteIdx✝ } }.str
h₂ :
  { str := { toByteArray := (l ++ mr).utf8Encode, isValidUTF8 := ⋯ }, startPos := { byteIdx := utf8Len l },
        stopPos := { byteIdx := byteIdx✝ } }.stopPos =
    { byteIdx := utf8Len lm }
e : lm ++ r = l ++ mr
⊢ ∃ l_1 m r,
    ValidFor l_1 m r
      { str := { toByteArray := (l ++ mr).utf8Encode, isValidUTF8 := ⋯ }, startPos := { byteIdx := utf8Len l },
        stopPos := { byteIdx := byteIdx✝ } }
error: Batteries/Data/String/Lemmas.lean:1104:60: unexpected identifier; expected command
error: Lean exited with code 1
✔ [201/313] Built Aesop.Forward.SlotIndex (333ms)
✔ [202/313] Built Batteries.Data.BinomialHeap.Basic (7.1s)
✔ [203/314] Built Batteries.Data.Array.Basic (5.3s)
✔ [208/314] Built Batteries.Data.Vector.Basic (3.5s)
✔ [213/315] Built Aesop.Forward.LevelIndex (416ms)
✔ [214/318] Built Batteries.Data.BinomialHeap.Lemmas (580ms)
✔ [215/318] Built Batteries.Data.RBMap.WF (6.5s)
✔ [216/318] Built Aesop.Index.DiscrTreeConfig (735ms)
✔ [217/318] Built Aesop.Nanos (468ms)
✔ [218/318] Built Batteries.Data.BinomialHeap (443ms)
✔ [219/318] Built Aesop.Util.UnorderedArraySet (524ms)
✔ [220/321] Built Batteries.Data.RBMap.Depth (733ms)
✔ [221/327] Built Aesop.Rule.Name (1.1s)
✔ [222/330] Built Batteries.Data.RBMap.Alter (2.2s)
✔ [226/330] Built Aesop.Util.UnionFind (674ms)
✔ [227/336] Built Aesop.Percent (493ms)
✔ [228/336] Built Aesop.RuleTac.RuleTerm (369ms)
✔ [229/336] Built Aesop.RuleTac.FVarIdSubst (888ms)
✔ [230/338] Built Aesop.Util.Basic (3.4s)
✔ [231/338] Built Aesop.Script.Tactic (779ms)
✔ [232/341] Built Aesop.Script.CtorNames (818ms)
✔ [233/341] Built Aesop.Tracing (1.1s)
✔ [234/344] Built Aesop.Forward.Substitution (1.4s)
✔ [235/344] Built Aesop.Script.GoalWithMVars (778ms)
✔ [236/346] Built Aesop.RulePattern.Cache (533ms)
✖ [237/347] Building Aesop.Util.EqualUpToIds (4.3s)
trace: .> LEAN_PATH=/home/runner/work/DoRA-specific/DoRA-specific/.lake/packages/Cli/.lake/build/lib/lean:/home/runner/work/DoRA-specific/DoRA-specific/.lake/packages/batteries/.lake/build/lib/lean:/home/runner/work/DoRA-specific/DoRA-specific/.lake/packages/Qq/.lake/build/lib/lean:/home/runner/work/DoRA-specific/DoRA-specific/.lake/packages/aesop/.lake/build/lib/lean:/home/runner/work/DoRA-specific/DoRA-specific/.lake/packages/proofwidgets/.lake/build/lib/lean:/home/runner/work/DoRA-specific/DoRA-specific/.lake/packages/importGraph/.lake/build/lib/lean:/home/runner/work/DoRA-specific/DoRA-specific/.lake/packages/LeanSearchClient/.lake/build/lib/lean:/home/runner/work/DoRA-specific/DoRA-specific/.lake/packages/plausible/.lake/build/lib/lean:/home/runner/work/DoRA-specific/DoRA-specific/.lake/packages/mathlib/.lake/build/lib/lean:/home/runner/work/DoRA-specific/DoRA-specific/.lake/build/lib/lean /home/runner/.elan/toolchains/leanprover--lean4---v4.30.0/bin/lean /home/runner/work/DoRA-specific/DoRA-specific/.lake/packages/aesop/Aesop/Util/EqualUpToIds.lean -o /home/runner/work/DoRA-specific/DoRA-specific/.lake/packages/aesop/.lake/build/lib/lean/Aesop/Util/EqualUpToIds.olean -i /home/runner/work/DoRA-specific/DoRA-specific/.lake/packages/aesop/.lake/build/lib/lean/Aesop/Util/EqualUpToIds.ilean -c /home/runner/work/DoRA-specific/DoRA-specific/.lake/packages/aesop/.lake/build/ir/Aesop/Util/EqualUpToIds.c --setup /home/runner/work/DoRA-specific/DoRA-specific/.lake/packages/aesop/.lake/build/ir/Aesop/Util/EqualUpToIds.setup.json --json
error: Aesop/Util/EqualUpToIds.lean:90:12: Invalid field `lDecls`: The environment does not contain `Lean.MetavarContext.lDecls`, so it is not possible to project the field `lDecls` from an expression
  mctx
of type `MetavarContext`
error: Aesop/Util/EqualUpToIds.lean:90:45: Invalid field `lDecls`: The environment does not contain `Lean.MetavarContext.lDecls`, so it is not possible to project the field `lDecls` from an expression
  mctx
of type `MetavarContext`
error: Lean exited with code 1
✔ [239/348] Built Aesop.Stats.Basic (1.4s)
✔ [241/349] Built Aesop.Script.TacticState (1.0s)
✔ [243/349] Built Aesop.ElabM (794ms)
✔ [244/351] Built Aesop.BaseM (611ms)
✔ [245/354] Built Aesop.Util.Tactic (856ms)
✔ [246/354] Built Aesop.RuleTac.ElabRuleTerm (942ms)
✔ [247/354] Built Aesop.Util.Tactic.Ext (1.2s)
✔ [248/358] Built Aesop.RuleTac.GoalDiff (1.4s)
✔ [249/358] Built Aesop.Util.Unfold (1.2s)
✔ [251/360] Built Aesop.RulePattern (1.8s)
✔ [252/361] Built Aesop.Util.OrderedHashSet (385ms)
✔ [253/371] Built Aesop.Util.Tactic.Unfold (1.1s)
✔ [255/371] Built Aesop.RuleSet.Name (696ms)
✔ [262/371] Built Aesop.RuleSet.Filter (454ms)
✔ [263/375] Built Aesop.Forward.RuleInfo (1.4s)
✔ [264/382] Built Aesop.Script.OptimizeSyntax (998ms)
✔ [266/382] Built Aesop.Rule.Forward (654ms)
✔ [267/386] Built Aesop.EMap (947ms)
✔ [268/399] Built Aesop.Search.Expansion.Simp (625ms)
✔ [269/416] Built Aesop.Constants (349ms)
✔ [270/424] Built Aesop.Forward.Match.Types (662ms)
✔ [271/424] Built Aesop.Exception (449ms)
✔ [272/428] Built Aesop.Stats.Extension (530ms)
✔ [273/428] Built Aesop.Stats.File (571ms)
✔ [274/431] Built Aesop.Index.Basic (709ms)
✔ [282/431] Built Aesop.Frontend.Basic (811ms)
✔ [308/448] Built Aesop.Stats.Report (798ms)
✔ [309/557] Built Aesop.Index.Forward (766ms)
✔ [313/559] Built Aesop.Index.RulePattern (850ms)
✔ [314/559] Built Qq.SortLocalDecls (481ms)
✔ [315/559] Built Qq.ForLean.Do (477ms)
✔ [316/559] Built Qq.Typ (397ms)
✔ [356/572] Built Qq.ForLean.ToExpr (379ms)
✔ [357/572] Built Qq.ForLean.ReduceEval (478ms)
✖ [382/7187] Building Mathlib.Data.List.SplitOn (260ms)
trace: .> LEAN_PATH=/home/runner/work/DoRA-specific/DoRA-specific/.lake/packages/Cli/.lake/build/lib/lean:/home/runner/work/DoRA-specific/DoRA-specific/.lake/packages/batteries/.lake/build/lib/lean:/home/runner/work/DoRA-specific/DoRA-specific/.lake/packages/Qq/.lake/build/lib/lean:/home/runner/work/DoRA-specific/DoRA-specific/.lake/packages/aesop/.lake/build/lib/lean:/home/runner/work/DoRA-specific/DoRA-specific/.lake/packages/proofwidgets/.lake/build/lib/lean:/home/runner/work/DoRA-specific/DoRA-specific/.lake/packages/importGraph/.lake/build/lib/lean:/home/runner/work/DoRA-specific/DoRA-specific/.lake/packages/LeanSearchClient/.lake/build/lib/lean:/home/runner/work/DoRA-specific/DoRA-specific/.lake/packages/plausible/.lake/build/lib/lean:/home/runner/work/DoRA-specific/DoRA-specific/.lake/packages/mathlib/.lake/build/lib/lean:/home/runner/work/DoRA-specific/DoRA-specific/.lake/build/lib/lean /home/runner/.elan/toolchains/leanprover--lean4---v4.30.0/bin/lean /home/runner/work/DoRA-specific/DoRA-specific/.lake/packages/mathlib/Mathlib/Data/List/SplitOn.lean -o /home/runner/work/DoRA-specific/DoRA-specific/.lake/packages/mathlib/.lake/build/lib/lean/Mathlib/Data/List/SplitOn.olean -i /home/runner/work/DoRA-specific/DoRA-specific/.lake/packages/mathlib/.lake/build/lib/lean/Mathlib/Data/List/SplitOn.ilean -c /home/runner/work/DoRA-specific/DoRA-specific/.lake/packages/mathlib/.lake/build/ir/Mathlib/Data/List/SplitOn.c --setup /home/runner/work/DoRA-specific/DoRA-specific/.lake/packages/mathlib/.lake/build/ir/Mathlib/Data/List/SplitOn.setup.json --json
error: Mathlib/Data/List/SplitOn.lean:8:0: unexpected identifier; expected command
error: Lean exited with code 1
✖ [384/8561] Building Mathlib.Tactic.GeneralizeProofs (250ms)
trace: .> LEAN_PATH=/home/runner/work/DoRA-specific/DoRA-specific/.lake/packages/Cli/.lake/build/lib/lean:/home/runner/work/DoRA-specific/DoRA-specific/.lake/packages/batteries/.lake/build/lib/lean:/home/runner/work/DoRA-specific/DoRA-specific/.lake/packages/Qq/.lake/build/lib/lean:/home/runner/work/DoRA-specific/DoRA-specific/.lake/packages/aesop/.lake/build/lib/lean:/home/runner/work/DoRA-specific/DoRA-specific/.lake/packages/proofwidgets/.lake/build/lib/lean:/home/runner/work/DoRA-specific/DoRA-specific/.lake/packages/importGraph/.lake/build/lib/lean:/home/runner/work/DoRA-specific/DoRA-specific/.lake/packages/LeanSearchClient/.lake/build/lib/lean:/home/runner/work/DoRA-specific/DoRA-specific/.lake/packages/plausible/.lake/build/lib/lean:/home/runner/work/DoRA-specific/DoRA-specific/.lake/packages/mathlib/.lake/build/lib/lean:/home/runner/work/DoRA-specific/DoRA-specific/.lake/build/lib/lean /home/runner/.elan/toolchains/leanprover--lean4---v4.30.0/bin/lean /home/runner/work/DoRA-specific/DoRA-specific/.lake/packages/mathlib/Mathlib/Tactic/GeneralizeProofs.lean -o /home/runner/work/DoRA-specific/DoRA-specific/.lake/packages/mathlib/.lake/build/lib/lean/Mathlib/Tactic/GeneralizeProofs.olean -i /home/runner/work/DoRA-specific/DoRA-specific/.lake/packages/mathlib/.lake/build/lib/lean/Mathlib/Tactic/GeneralizeProofs.ilean -c /home/runner/work/DoRA-specific/DoRA-specific/.lake/packages/mathlib/.lake/build/ir/Mathlib/Tactic/GeneralizeProofs.c --setup /home/runner/work/DoRA-specific/DoRA-specific/.lake/packages/mathlib/.lake/build/ir/Mathlib/Tactic/GeneralizeProofs.setup.json --json
error: Mathlib/Tactic/GeneralizeProofs.lean:3:0: unexpected identifier; expected command
error: Lean exited with code 1
✔ [390/8569] Built Qq.Macro (4.7s)
✔ [391/8569] Built Qq.Commands (896ms)
✔ [393/17115] Built Batteries.Util.LibraryNote:c.o (450ms)
✖ [394/17115] Building Qq.Delab (1.2s)
trace: .> LEAN_PATH=/home/runner/work/DoRA-specific/DoRA-specific/.lake/packages/Cli/.lake/build/lib/lean:/home/runner/work/DoRA-specific/DoRA-specific/.lake/packages/batteries/.lake/build/lib/lean:/home/runner/work/DoRA-specific/DoRA-specific/.lake/packages/Qq/.lake/build/lib/lean:/home/runner/work/DoRA-specific/DoRA-specific/.lake/packages/aesop/.lake/build/lib/lean:/home/runner/work/DoRA-specific/DoRA-specific/.lake/packages/proofwidgets/.lake/build/lib/lean:/home/runner/work/DoRA-specific/DoRA-specific/.lake/packages/importGraph/.lake/build/lib/lean:/home/runner/work/DoRA-specific/DoRA-specific/.lake/packages/LeanSearchClient/.lake/build/lib/lean:/home/runner/work/DoRA-specific/DoRA-specific/.lake/packages/plausible/.lake/build/lib/lean:/home/runner/work/DoRA-specific/DoRA-specific/.lake/packages/mathlib/.lake/build/lib/lean:/home/runner/work/DoRA-specific/DoRA-specific/.lake/build/lib/lean /home/runner/.elan/toolchains/leanprover--lean4---v4.30.0/bin/lean /home/runner/work/DoRA-specific/DoRA-specific/.lake/packages/Qq/Qq/Delab.lean -o /home/runner/work/DoRA-specific/DoRA-specific/.lake/packages/Qq/.lake/build/lib/lean/Qq/Delab.olean -i /home/runner/work/DoRA-specific/DoRA-specific/.lake/packages/Qq/.lake/build/lib/lean/Qq/Delab.ilean -c /home/runner/work/DoRA-specific/DoRA-specific/.lake/packages/Qq/.lake/build/ir/Qq/Delab.c --setup /home/runner/work/DoRA-specific/DoRA-specific/.lake/packages/Qq/.lake/build/ir/Qq/Delab.setup.json --json
error: Qq/Delab.lean:74:2: Unknown identifier `delabLevel`
error: Lean exited with code 1
✔ [395/17115] Built Batteries.Classes.Cast:c.o (74ms)
✔ [396/17115] Built Batteries.Tactic.Unreachable:c.o (139ms)
✔ [397/17115] Built Batteries.Lean.TagAttribute:c.o (101ms)
✔ [398/17115] Built Batteries.Lean.AttributeExtra:c.o (293ms)
✔ [399/17115] Built Batteries.Linter.UnreachableTactic:c.o (774ms)
✔ [400/17115] Built Batteries.Linter:c.o (70ms)
✔ [401/17115] Built Batteries.Linter.UnnecessarySeqFocus:c.o (735ms)
✔ [402/17115] Built Batteries.Tactic.Init:c.o (415ms)
✔ [403/17115] Built Batteries.Util.ProofWanted:c.o (210ms)
✔ [404/17115] Built Batteries.Tactic.SeqFocus:c.o (382ms)
✔ [405/17115] Built Batteries.Tactic.Basic:c.o (73ms)
✔ [406/17115] Built Batteries.Classes.Order:c.o (84ms)
✔ [407/17115] Built Batteries.Classes.Deprecated:c.o (79ms)
✔ [408/17115] Built Batteries.Classes.RatCast:c.o (79ms)
✔ [409/17115] Built Batteries.Lean.EStateM:c.o (146ms)
✔ [410/17115] Built Batteries.Lean.Except:c.o (126ms)
✔ [411/17115] Built Batteries.Classes.SatisfiesM:c.o (174ms)
✔ [412/17115] Built Batteries.CodeAction.Attr:c.o (426ms)
✔ [413/17115] Built Batteries.CodeAction.Basic:c.o (311ms)
✔ [414/17115] Built Batteries.Lean.Position:c.o (224ms)
✔ [415/17115] Built Batteries.CodeAction.Deprecated:c.o (556ms)
✔ [416/17115] Built Batteries.CodeAction.Misc:c.o (1.5s)
✔ [417/17115] Built Batteries.Tactic.Alias:c.o (2.1s)
✔ [418/17115] Built Batteries.Data.List.Basic:c.o (1.7s)
✔ [419/17115] Built Batteries.CodeAction:c.o (72ms)
✔ [420/17115] Built Batteries.Control.Lemmas:c.o (70ms)
✔ [421/17115] Built Batteries.Control.LawfulMonadState:c.o (70ms)
✔ [422/17115] Built Batteries.Control.OptionT:c.o (71ms)
✔ [423/17115] Built Batteries.CodeAction.Match:c.o (745ms)
✔ [424/17115] Built Batteries.Control.AlternativeMonad:c.o (119ms)
✔ [425/17115] Built Batteries.Control.ForInStep.Basic:c.o (114ms)
✔ [426/17115] Built Batteries.Control.ForInStep.Lemmas:c.o (75ms)
✔ [427/17115] Built Batteries.Control.ForInStep:c.o (72ms)
✔ [428/17115] Built Batteries.Control.Monad:c.o (70ms)
✔ [429/17115] Built Batteries.Tactic.Lint.Basic:c.o (819ms)
✔ [430/17115] Built Batteries.Tactic.Lint.Misc:c.o (1.1s)
✔ [431/17115] Built Batteries.Control.Nondet.Basic:c.o (270ms)
✔ [432/17115] Built Batteries.Data.UInt:c.o (75ms)
✔ [433/17115] Built Batteries.Data.MLList.Basic:c.o (775ms)
✔ [434/17115] Built Batteries.Data.Array.Init.Lemmas:c.o (67ms)
✔ [437/17115] Built Batteries.Data.Array.Match:c.o (222ms)
✔ [438/17115] Built Batteries.Data.Array.Merge:c.o (213ms)
✔ [439/17115] Built Batteries.Data.Array.Basic:c.o (802ms)
✔ [440/17115] Built Batteries.Data.Array.Monadic:c.o (103ms)
✔ [444/17115] Built Batteries.Data.Array.Pairwise:c.o (102ms)
✔ [445/17115] Built Batteries.Data.Bool:c.o (68ms)
✔ [446/17115] Built Batteries.Data.BinaryHeap.Basic:c.o (275ms)
✔ [447/17115] Built Batteries.Data.AssocList:c.o (438ms)
✔ [448/17115] Built Batteries.Data.BinaryHeap:c.o (72ms)
✔ [449/17115] Built Batteries.Data.BinomialHeap.Lemmas:c.o (81ms)
✔ [450/17115] Built Batteries.Data.BinomialHeap:c.o (70ms)
✔ [451/17115] Built Batteries.Data.BitVec.Basic:c.o (90ms)
✔ [452/17115] Built Batteries.Data.Nat.Basic:c.o (164ms)
✔ [453/17115] Built Batteries.Data.Nat.Lemmas:c.o (136ms)
✔ [454/17115] Built Batteries.Data.Fin.OfBits:c.o (80ms)
✔ [455/17115] Built Batteries.Data.Int:c.o (131ms)
✔ [456/17115] Built Batteries.Data.BinomialHeap.Basic:c.o (804ms)
✔ [457/17115] Built Batteries.Data.BitVec.Lemmas:c.o (85ms)
✔ [458/17115] Built Batteries.Data.BitVec:c.o (76ms)
✔ [459/17115] Built Batteries.Data.ByteArray:c.o (105ms)
✔ [463/17115] Built Batteries.Data.ByteSlice:c.o (333ms)
✔ [464/17115] Built Batteries.Tactic.OpenPrivate:c.o (1.1s)
✔ [465/17115] Built Batteries.Tactic.Lint.Simp:c.o (1.2s)
✔ [466/17115] Built Batteries.Tactic.Lint.TypeClass:c.o (472ms)
✔ [467/17115] Built Batteries.Tactic.Lint:c.o (75ms)
✔ [468/17115] Built Batteries.Data.DList.Basic:c.o (110ms)
✔ [469/17115] Built Batteries.Data.DList.Lemmas:c.o (74ms)
✔ [470/17115] Built Batteries.Data.DList:c.o (71ms)
✔ [471/17115] Built Batteries.Data.Fin.Basic:c.o (205ms)
✔ [473/17115] Built Batteries.Tactic.Lint.Frontend:c.o (2.2s)
✔ [475/17115] Built Batteries.Data.Fin.Fold:c.o (70ms)
✔ [477/17115] Built Batteries.Data.FloatArray:c.o (97ms)
✔ [478/17115] Built Batteries.Lean.HashMap:c.o (110ms)
✔ [479/17115] Built Batteries.Data.HashMap.Basic:c.o (346ms)
✔ [480/17115] Built Batteries.Data.HashMap:c.o (72ms)
✔ [481/17115] Built Batteries.Data.List.ArrayMap:c.o (78ms)
✔ [483/17115] Built Batteries.Data.List.Init.Lemmas:c.o (68ms)
✔ [484/17115] Built Batteries.Tactic.Trans:c.o (2.6s)
✔ [485/17115] Built Batteries.Data.List.Matcher:c.o (143ms)
✔ [486/17115] Built Batteries.Data.List.Monadic:c.o (70ms)
✔ [489/17115] Built Batteries.Data.List.Pairwise:c.o (75ms)
✔ [490/17115] Built Batteries.Data.MLList.Heartbeats:c.o (111ms)
✔ [491/17115] Built Batteries.Lean.System.IO:c.o (98ms)
✔ [492/17115] Built Batteries.Data.MLList.IO:c.o (95ms)
✔ [493/17115] Built Batteries.Data.MLList:c.o (68ms)
✔ [494/17115] Built Batteries.Data.NameSet:c.o (81ms)
✔ [495/17115] Built Batteries.Data.Nat.Bisect:c.o (94ms)
✔ [496/17115] Built Batteries.Data.Nat.Bitwise.Lemmas:c.o (69ms)
✔ [497/17115] Built Batteries.Data.Nat.Bitwise:c.o (68ms)
✔ [498/17115] Built Batteries.Data.Nat.Gcd:c.o (75ms)
✔ [499/17115] Built Batteries.Data.Nat:c.o (74ms)
✔ [500/17115] Built Batteries.Data.PairingHeap:c.o (474ms)
✔ [501/17115] Built Batteries.Data.RBMap.WF:c.o (392ms)
✔ [502/17115] Built Batteries.Data.RBMap.Alter:c.o (307ms)
✔ [503/17115] Built Batteries.Data.RBMap.Depth:c.o (114ms)
✔ [506/17115] Built Batteries.Data.Random.MersenneTwister:c.o (231ms)
✔ [507/17115] Built Batteries.Data.Random:c.o (69ms)
✔ [508/17115] Built Batteries.Data.Range.Lemmas:c.o (78ms)
✔ [509/17115] Built Batteries.Data.Range:c.o (72ms)
✔ [510/17115] Built Batteries.Lean.Float:c.o (243ms)
✔ [511/17115] Built Batteries.Data.Rat.Float:c.o (118ms)
✔ [512/17115] Built Batteries.Data.Rat:c.o (80ms)
✔ [513/17115] Built Batteries.Data.RBMap.Basic:c.o (2.2s)
✔ [514/17115] Built Batteries.Data.RunningStats:c.o (108ms)
✔ [515/17115] Built Batteries.Data.Stream:c.o (146ms)
✔ [516/17115] Built Batteries.Data.String.AsciiCasing:c.o (68ms)
✔ [517/17115] Built Batteries.Data.String.Basic:c.o (111ms)
✔ [519/17115] Built Batteries.Data.String.Legacy:c.o (253ms)
✔ [520/17115] Built Batteries.Data.String.Matcher:c.o (181ms)
✔ [522/17115] Built Batteries.Util.Panic:c.o (83ms)
✔ [523/17115] Built Batteries.Data.UnionFind.Lemmas:c.o (70ms)
✔ [524/17115] Built Batteries.Data.UnionFind:c.o (70ms)
✔ [525/17115] Built Batteries.Data.UnionFind.Basic:c.o (274ms)
✔ [527/17115] Built Batteries.Data.Vector.Monadic:c.o (71ms)
✔ [529/17115] Built Batteries.Data.Vector.Basic:c.o (237ms)
✔ [530/17115] Built Batteries.Lean.HashSet:c.o (141ms)
✔ [531/17115] Built Batteries.Lean.Expr:c.o (324ms)
✔ [532/17115] Built Batteries.Lean.IO.Process:c.o (140ms)
✔ [533/17115] Built Batteries.Lean.Json:c.o (123ms)
✔ [534/17115] Built Batteries.Lean.LawfulMonad:c.o (70ms)
✔ [535/17115] Built Batteries.Lean.LawfulMonadLift:c.o (96ms)
✔ [536/17115] Built Batteries.Lean.Meta.Expr:c.o (84ms)
✔ [537/17115] Built Batteries.Lean.PersistentHashMap:c.o (140ms)
✔ [538/17115] Built Batteries.Lean.Meta.DiscrTree:c.o (148ms)
✔ [539/17115] Built Batteries.Lean.Meta.Basic:c.o (508ms)
✔ [540/17115] Built Batteries.Lean.Meta.InstantiateMVars:c.o (174ms)
✔ [541/17115] Built Batteries.Lean.MonadBacktrack:c.o (86ms)
✔ [542/17115] Built Batteries.Lean.Meta.Inaccessible:c.o (353ms)
✔ [544/17115] Built Batteries.Lean.Meta.SavedState:c.o (288ms)
✔ [545/17115] Built Batteries.Lean.Meta.UnusedNames:c.o (323ms)
✔ [546/17115] Built Batteries.Lean.PersistentHashSet:c.o (200ms)
✔ [547/17115] Built Batteries.Lean.SatisfiesM:c.o (74ms)
✔ [548/17115] Built Batteries.Lean.NameMapAttribute:c.o (505ms)
✔ [549/17115] Built Batteries.Lean.Syntax:c.o (85ms)
✔ [550/17115] Built Batteries.Lean.Util.EnvSearch:c.o (121ms)
✔ [551/17115] Built Batteries.Logic:c.o (81ms)
✔ [553/17115] Built Batteries.Tactic.Exact:c.o (211ms)
✔ [555/17115] Built Batteries.Tactic.Case:c.o (1.5s)
✔ [556/17115] Built Batteries.Tactic.Instances:c.o (519ms)
✔ [557/17115] Built Batteries.Tactic.HelpCmd:c.o (1.8s)
✔ [558/17115] Built Batteries.Tactic.NoMatch:c.o (356ms)
✔ [559/17115] Built Batteries.Tactic.Lemma:c.o (663ms)
✔ [560/17115] Built Batteries.Tactic.PermuteGoals:c.o (203ms)
✔ [561/17115] Built Batteries.Tactic.PrintOpaques:c.o (437ms)
✔ [562/17115] Built Batteries.Tactic.PrintDependents:c.o (777ms)
✔ [563/17115] Built Batteries.Tactic.PrintPrefix:c.o (1.2s)
✔ [564/17115] Built Batteries.Tactic.ShowUnused:c.o (1.1s)
✔ [565/17115] Built Batteries.Util.Cache:c.o (406ms)
✔ [566/17115] Built Batteries.Util.ExtendedBinder:c.o (287ms)
✔ [567/17115] Built Batteries.Util.Pickle:c.o (132ms)
✔ [569/17115] Built Batteries.Tactic.SqueezeScope:c.o (1.4s)
✔ [602/17115] Built Aesop.Check:c.o (206ms)
✔ [603/17115] Built Mathlib.Tactic.Linter.DirectoryDependency:c.o (719ms)
✔ [604/17115] Built Aesop.Options.Public:c.o (287ms)
✔ [605/17115] Built Aesop.Options.Internal:c.o (114ms)
✔ [606/17115] Built Aesop.Options:c.o (79ms)
✔ [607/17115] Built Aesop.Forward.PremiseIndex:c.o (106ms)
✔ [608/17115] Built Aesop.Forward.SlotIndex:c.o (104ms)
✔ [609/17115] Built Aesop.Forward.LevelIndex:c.o (105ms)
✔ [610/17115] Built Aesop.Index.DiscrTreeConfig:c.o (116ms)
✔ [611/17115] Built Aesop.Nanos:c.o (127ms)
✔ [612/17115] Built Aesop.Util.UnorderedArraySet:c.o (321ms)
✔ [613/17115] Built Aesop.Forward.Substitution:c.o (769ms)
✔ [614/17115] Built Aesop.Rule.Name:c.o (419ms)
✔ [615/17115] Built Aesop.Util.Basic:c.o (2.0s)
✔ [616/17115] Built Aesop.Tracing:c.o (1.0s)
✔ [617/17115] Built Aesop.RulePattern.Cache:c.o (77ms)
✔ [618/17115] Built Aesop.BaseM:c.o (193ms)
✔ [619/17115] Built Aesop.Stats.Basic:c.o (1.2s)
✔ [620/17115] Built Aesop.Util.UnionFind:c.o (243ms)
✔ [621/17115] Built Aesop.RulePattern:c.o (1.4s)
✔ [622/17115] Built Aesop.Percent:c.o (134ms)
✔ [623/17115] Built Aesop.RuleTac.RuleTerm:c.o (135ms)
✔ [624/17115] Built Aesop.Rule.Forward:c.o (155ms)
✔ [625/17115] Built Aesop.Forward.RuleInfo:c.o (1.4s)
✔ [626/17115] Built Aesop.Forward.Match.Types:c.o (255ms)
✔ [627/17115] Built Aesop.Index.Basic:c.o (334ms)
✔ [628/17115] Built Aesop.RuleTac.FVarIdSubst:c.o (417ms)
✔ [629/17115] Built Aesop.Script.CtorNames:c.o (395ms)
✔ [631/17115] Built Aesop.Script.Tactic:c.o (80ms)
✔ [632/17115] Built Aesop.Script.GoalWithMVars:c.o (113ms)
✔ [633/17115] Built Aesop.Script.TacticState:c.o (327ms)
✔ [640/17115] Built Aesop.ElabM:c.o (179ms)
✔ [641/17115] Built Aesop.RuleTac.GoalDiff:c.o (1.6s)
✔ [643/17115] Built Aesop.RuleTac.ElabRuleTerm:c.o (545ms)
✔ [644/17115] Built Aesop.Util.Tactic:c.o (160ms)
✔ [645/17115] Built Aesop.Util.Tactic.Ext:c.o (629ms)
✔ [646/17115] Built Aesop.Util.Unfold:c.o (582ms)
✔ [650/17115] Built Aesop.Util.OrderedHashSet:c.o (176ms)
✔ [651/17115] Built Aesop.Util.Tactic.Unfold:c.o (713ms)
✔ [653/17115] Built Aesop.Index.RulePattern:c.o (1.1s)
✔ [654/17115] Built Aesop.RuleSet.Name:c.o (99ms)
✔ [655/17115] Built Aesop.Index.Forward:c.o (829ms)
✔ [665/17115] Built Aesop.RuleSet.Filter:c.o (170ms)
✔ [667/17115] Built Aesop.Script.OptimizeSyntax:c.o (415ms)
✔ [677/17115] Built Aesop.Search.Expansion.Simp:c.o (497ms)
✔ [678/17115] Built Aesop.Constants:c.o (73ms)
✔ [693/17115] Built Aesop.Exception:c.o (136ms)
✔ [717/17115] Built Aesop.EMap:c.o (1.2s)
✔ [718/17115] Built Aesop.Stats.Extension:c.o (167ms)
✔ [721/17115] Built Aesop.Frontend.Basic:c.o (95ms)
✔ [722/17115] Built Aesop.Stats.File:c.o (234ms)
✔ [737/17115] Built Aesop.Stats.Report:c.o (523ms)
✔ [738/17115] Built Qq.ForLean.ReduceEval:c.o (419ms)
✔ [739/17115] Built Qq.ForLean.ToExpr:c.o (258ms)
✔ [740/17115] Built Qq.Typ:c.o (209ms)
✔ [741/17115] Built Qq.ForLean.Do:c.o (218ms)
✔ [742/17115] Built Qq.SortLocalDecls:c.o (187ms)
✔ [743/17115] Built Qq.Commands:c.o (753ms)
✔ [745/17115] Built LeanSearchClient.Basic:c.o (121ms)
✔ [746/17115] Built LeanSearchClient.Syntax:c.o (1.6s)
✔ [747/17115] Built LeanSearchClient.LoogleSyntax:c.o (1.1s)
✔ [748/17115] Built LeanSearchClient:c.o (74ms)
✔ [749/17115] Built ProofWidgets.Compat:c.o (140ms)
✔ [750/17115] Built ProofWidgets.Component.Basic:c.o (458ms)
✔ [751/17115] Built ProofWidgets.Component.MakeEditLink:c.o (256ms)
✔ [752/17115] Built ProofWidgets.Util:c.o (413ms)
✔ [753/17115] Built ProofWidgets.Data.Html:c.o (1.5s)
✔ [754/17115] Built Qq.Macro:c.o (7.4s)
✔ [755/17115] Built ProofWidgets.Cancellable:c.o (580ms)
✔ [756/17115] Built ProofWidgets.Component.FilterDetails:c.o (153ms)
✔ [763/17115] Built ProofWidgets.Component.OfRpcMethod:c.o (401ms)
✔ [764/17115] Built ProofWidgets.Component.PenroseDiagram:c.o (486ms)
✔ [778/17115] Built ProofWidgets.Presentation.Expr:c.o (632ms)
✔ [779/17115] Built ProofWidgets.Component.Panel.Basic:c.o (322ms)
✔ [780/17115] Built ProofWidgets.Component.HtmlDisplay:c.o (277ms)
✖ [783/17115] Building Plausible.Attr (325ms)
trace: .> LEAN_PATH=/home/runner/work/DoRA-specific/DoRA-specific/.lake/packages/Cli/.lake/build/lib/lean:/home/runner/work/DoRA-specific/DoRA-specific/.lake/packages/batteries/.lake/build/lib/lean:/home/runner/work/DoRA-specific/DoRA-specific/.lake/packages/Qq/.lake/build/lib/lean:/home/runner/work/DoRA-specific/DoRA-specific/.lake/packages/aesop/.lake/build/lib/lean:/home/runner/work/DoRA-specific/DoRA-specific/.lake/packages/proofwidgets/.lake/build/lib/lean:/home/runner/work/DoRA-specific/DoRA-specific/.lake/packages/importGraph/.lake/build/lib/lean:/home/runner/work/DoRA-specific/DoRA-specific/.lake/packages/LeanSearchClient/.lake/build/lib/lean:/home/runner/work/DoRA-specific/DoRA-specific/.lake/packages/plausible/.lake/build/lib/lean:/home/runner/work/DoRA-specific/DoRA-specific/.lake/packages/mathlib/.lake/build/lib/lean:/home/runner/work/DoRA-specific/DoRA-specific/.lake/build/lib/lean /home/runner/.elan/toolchains/leanprover--lean4---v4.30.0/bin/lean /home/runner/work/DoRA-specific/DoRA-specific/.lake/packages/plausible/Plausible/Attr.lean -o /home/runner/work/DoRA-specific/DoRA-specific/.lake/packages/plausible/.lake/build/lib/lean/Plausible/Attr.olean -i /home/runner/work/DoRA-specific/DoRA-specific/.lake/packages/plausible/.lake/build/lib/lean/Plausible/Attr.ilean -c /home/runner/work/DoRA-specific/DoRA-specific/.lake/packages/plausible/.lake/build/ir/Plausible/Attr.c --setup /home/runner/work/DoRA-specific/DoRA-specific/.lake/packages/plausible/.lake/build/ir/Plausible/Attr.setup.json --json
error: Plausible/Attr.lean:14:0: Invalid public `meta` definition `initFn✝`, `registerTraceClass` is not accessible here; consider adding `public meta import Lean.Util.Trace`
error: Plausible/Attr.lean:15:0: Invalid public `meta` definition `initFn✝`, `registerTraceClass` is not accessible here; consider adding `public meta import Lean.Util.Trace`
error: Plausible/Attr.lean:16:0: Invalid public `meta` definition `initFn✝`, `registerTraceClass` is not accessible here; consider adding `public meta import Lean.Util.Trace`
error: Plausible/Attr.lean:17:0: Invalid public `meta` definition `initFn✝`, `registerTraceClass` is not accessible here; consider adding `public meta import Lean.Util.Trace`
error: Plausible/Attr.lean:18:0: Invalid public `meta` definition `initFn✝`, `registerTraceClass` is not accessible here; consider adding `public meta import Lean.Util.Trace`
error: Plausible/Attr.lean:19:0: Invalid public `meta` definition `initFn✝`, `registerTraceClass` is not accessible here; consider adding `public meta import Lean.Util.Trace`
error: Plausible/Attr.lean:20:0: Invalid public `meta` definition `initFn✝`, `registerTraceClass` is not accessible here; consider adding `public meta import Lean.Util.Trace`
error: Lean exited with code 1
✔ [785/17115] Built Plausible.Shrinkable (505ms)
✔ [786/17115] Built Plausible.Random (694ms)
✔ [787/17115] Built Plausible.Shrinkable:c.o (313ms)
✔ [788/17115] Built Plausible.Random:c.o (398ms)
✔ [789/17115] Built Plausible.Gen (887ms)
✔ [790/17115] Built Plausible.DeriveShrinkable (1.9s)
✔ [791/17115] Built Plausible.Arbitrary (813ms)
✔ [792/17115] Built Plausible.Gen:c.o (962ms)
✔ [793/17115] Built Plausible.ArbitraryFueled (269ms)
✔ [794/17115] Built Plausible.Arbitrary:c.o (601ms)
✔ [795/17115] Built Plausible.ArbitraryFueled:c.o (99ms)
✔ [796/17115] Built Plausible.Sampleable (745ms)
✔ [797/17115] Built Plausible.DeriveShrinkable:c.o (1.4s)
✔ [798/17115] Built Plausible.Sampleable:c.o (653ms)
✔ [799/17115] Built Plausible.Functions (583ms)
✔ [800/17115] Built Plausible.Functions:c.o (289ms)
✔ [801/17115] Built Plausible.DeriveArbitrary (1.0s)
✔ [802/17115] Built Plausible.Testable (1.8s)
✔ [803/17115] Built Plausible.DeriveArbitrary:c.o (1.5s)
✔ [804/17115] Built Plausible.Tactic (931ms)
✔ [807/17115] Built Plausible.Tactic:c.o (524ms)
✔ [808/17115] Built Plausible.Testable:c.o (2.2s)
✔ [811/17115] Built ImportGraph.Graph.TransitiveClosure (314ms)
✔ [812/17115] Built ImportGraph.Lean.Environment (408ms)
✔ [813/17115] Built ImportGraph.Imports.ImportGraph (485ms)
✔ [814/17115] Built ImportGraph.Graph.TransitiveClosure:c.o (152ms)
✔ [815/17115] Built ImportGraph.Lean.Environment:c.o (176ms)
✔ [816/17115] Built ImportGraph.Imports.Redundant (586ms)
✔ [817/17115] Built ImportGraph.Imports.RequiredModules (1.0s)
✔ [818/17115] Built ImportGraph.Imports.Redundant:c.o (236ms)
✔ [820/17115] Built ImportGraph.Tools.ImportDiff (965ms)
✔ [823/17115] Built ImportGraph.Imports.ImportGraph:c.o (1.1s)
✔ [826/17115] Built ImportGraph.Tools.RedundantImports (708ms)
✔ [828/17115] Built ImportGraph.Tools.ImportDiff:c.o (651ms)
✔ [830/17115] Built ImportGraph.Tools.MinImports (727ms)
✔ [832/17115] Built ImportGraph.Tools.RedundantImports:c.o (355ms)
✔ [833/17115] Built ImportGraph.Tools.MinImports:c.o (476ms)
✔ [834/17115] Built ImportGraph.Tools.FindHome (902ms)
✔ [835/17115] Built ImportGraph.Tools (595ms)
✔ [1286/17115] Built ImportGraph.Imports.RequiredModules:c.o (2.2s)
✔ [4394/17115] Built ImportGraph.Tools:c.o (132ms)
✔ [17100/17115] Built ImportGraph.Tools.FindHome:c.o (1.1s)
Some required targets logged failures:
- Batteries.Tactic.Congr
- Batteries.Tactic.GeneralizeProofs
- Mathlib.Tactic.Linter.Header
- Batteries.Lean.Meta.Simp
- Batteries.Data.Fin.Lemmas
- Batteries.Data.List.Lemmas
- Batteries.Data.String.Lemmas
- Aesop.Util.EqualUpToIds
- Mathlib.Data.List.SplitOn
- Mathlib.Tactic.GeneralizeProofs
- Qq.Delab
- Plausible.Attr
error: build failed
